2017-08-20 17:12:44.071 INFO  (main) [   ] o.e.j.s.Server jetty-9.3.14.v20161028
2017-08-20 17:12:44.444 INFO  (main) [   ] o.a.s.s.SolrDispatchFilter  ___      _       Welcome to Apache Solr™ version 6.6.0
2017-08-20 17:12:44.444 INFO  (main) [   ] o.a.s.s.SolrDispatchFilter / __| ___| |_ _   Starting in standalone mode on port 8983
2017-08-20 17:12:44.444 INFO  (main) [   ] o.a.s.s.SolrDispatchFilter \__ \/ _ \ | '_|  Install dir: /home/zigpolymath/Documents/Obsidian/databrary/solr-6.6.0
2017-08-20 17:12:44.457 INFO  (main) [   ] o.a.s.s.SolrDispatchFilter |___/\___/_|_|    Start time: 2017-08-20T17:12:44.445Z
2017-08-20 17:12:44.458 INFO  (main) [   ] o.a.s.s.StartupLoggingUtils Property solr.log.muteconsole given. Muting ConsoleAppender named CONSOLE
Aug 20, 2017 5:21:46 PM org.restlet.Application start
INFO: Starting org.apache.solr.rest.SolrSchemaRestApi application
Aug 20, 2017 5:21:46 PM org.restlet.Restlet handle
WARNING: Unable to start the Restlet
Internal Server Error (500) - No SolrRequestInfo in this Thread!
	at org.apache.solr.rest.RestManager.getRestManager(RestManager.java:241)
	at org.apache.solr.rest.SolrSchemaRestApi.createInboundRoot(SolrSchemaRestApi.java:71)
	at org.restlet.Application.getInboundRoot(Application.java:272)
	at org.restlet.engine.application.ApplicationHelper.start(ApplicationHelper.java:118)
	at org.restlet.Application.start(Application.java:602)
	at org.restlet.routing.Filter.start(Filter.java:265)
	at org.restlet.Restlet.handle(Restlet.java:306)
	at org.restlet.routing.Filter.handle(Filter.java:193)
	at org.restlet.routing.Router.doHandle(Router.java:422)
	at org.restlet.routing.Router.handle(Router.java:639)
	at org.restlet.routing.Filter.doHandle(Filter.java:150)
	at org.restlet.routing.Filter.handle(Filter.java:197)
	at org.restlet.routing.Router.doHandle(Router.java:422)
	at org.restlet.routing.Router.handle(Router.java:639)
	at org.restlet.routing.Filter.doHandle(Filter.java:150)
	at org.restlet.routing.Filter.handle(Filter.java:197)
	at org.restlet.engine.CompositeHelper.handle(CompositeHelper.java:202)
	at org.restlet.Component.handle(Component.java:408)
	at org.restlet.Server.handle(Server.java:507)
	at org.restlet.engine.connector.ServerHelper.handle(ServerHelper.java:63)
	at org.restlet.engine.adapter.HttpServerHelper.handle(HttpServerHelper.java:143)
	at org.restlet.ext.servlet.ServerServlet.service(ServerServlet.java:1117)
	at javax.servlet.http.HttpServlet.service(HttpServlet.java:790)
	at org.eclipse.jetty.servlet.ServletHolder.handle(ServletHolder.java:845)
	at org.eclipse.jetty.servlet.ServletHandler$CachedChain.doFilter(ServletHandler.java:1712)
	at org.apache.solr.servlet.SolrDispatchFilter.doFilter(SolrDispatchFilter.java:364)
	at org.apache.solr.servlet.SolrDispatchFilter.doFilter(SolrDispatchFilter.java:305)
	at org.eclipse.jetty.servlet.ServletHandler$CachedChain.doFilter(ServletHandler.java:1691)
	at org.eclipse.jetty.servlet.ServletHandler.doHandle(ServletHandler.java:582)
	at org.eclipse.jetty.server.handler.ScopedHandler.handle(ScopedHandler.java:143)
	at org.eclipse.jetty.security.SecurityHandler.handle(SecurityHandler.java:548)
	at org.eclipse.jetty.server.session.SessionHandler.doHandle(SessionHandler.java:226)
	at org.eclipse.jetty.server.handler.ContextHandler.doHandle(ContextHandler.java:1180)
	at org.eclipse.jetty.servlet.ServletHandler.doScope(ServletHandler.java:512)
	at org.eclipse.jetty.server.session.SessionHandler.doScope(SessionHandler.java:185)
	at org.eclipse.jetty.server.handler.ContextHandler.doScope(ContextHandler.java:1112)
	at org.eclipse.jetty.server.handler.ScopedHandler.handle(ScopedHandler.java:141)
	at org.eclipse.jetty.server.handler.ContextHandlerCollection.handle(ContextHandlerCollection.java:213)
	at org.eclipse.jetty.server.handler.HandlerCollection.handle(HandlerCollection.java:119)
	at org.eclipse.jetty.server.handler.HandlerWrapper.handle(HandlerWrapper.java:134)
	at org.eclipse.jetty.rewrite.handler.RewriteHandler.handle(RewriteHandler.java:335)
	at org.eclipse.jetty.server.handler.HandlerWrapper.handle(HandlerWrapper.java:134)
	at org.eclipse.jetty.server.Server.handle(Server.java:534)
	at org.eclipse.jetty.server.HttpChannel.handle(HttpChannel.java:320)
	at org.eclipse.jetty.server.HttpConnection.onFillable(HttpConnection.java:251)
	at org.eclipse.jetty.io.AbstractConnection$ReadCallback.succeeded(AbstractConnection.java:273)
	at org.eclipse.jetty.io.FillInterest.fillable(FillInterest.java:95)
	at org.eclipse.jetty.io.SelectChannelEndPoint$2.run(SelectChannelEndPoint.java:93)
	at org.eclipse.jetty.util.thread.strategy.ExecuteProduceConsume.executeProduceConsume(ExecuteProduceConsume.java:303)
	at org.eclipse.jetty.util.thread.strategy.ExecuteProduceConsume.produceConsume(ExecuteProduceConsume.java:148)
	at org.eclipse.jetty.util.thread.strategy.ExecuteProduceConsume.run(ExecuteProduceConsume.java:136)
	at org.eclipse.jetty.util.thread.QueuedThreadPool.runJob(QueuedThreadPool.java:671)
	at org.eclipse.jetty.util.thread.QueuedThreadPool$2.run(QueuedThreadPool.java:589)
	at java.lang.Thread.run(Thread.java:748)

Aug 20, 2017 5:21:46 PM org.restlet.Restlet handle
WARNING: Unable to start the Restlet
Aug 20, 2017 5:21:46 PM org.restlet.Application start
INFO: Starting org.apache.solr.rest.SolrSchemaRestApi application
Aug 20, 2017 5:21:46 PM org.restlet.Restlet handle
WARNING: Unable to start the Restlet
Internal Server Error (500) - No SolrRequestInfo in this Thread!
	at org.apache.solr.rest.RestManager.getRestManager(RestManager.java:241)
	at org.apache.solr.rest.SolrSchemaRestApi.createInboundRoot(SolrSchemaRestApi.java:71)
	at org.restlet.Application.getInboundRoot(Application.java:272)
	at org.restlet.engine.application.ApplicationHelper.start(ApplicationHelper.java:118)
	at org.restlet.Application.start(Application.java:602)
	at org.restlet.Restlet.handle(Restlet.java:306)
	at org.restlet.Application.handle(Application.java:382)
	at org.restlet.routing.Filter.doHandle(Filter.java:150)
	at org.restlet.routing.Filter.handle(Filter.java:197)
	at org.restlet.routing.Router.doHandle(Router.java:422)
	at org.restlet.routing.Router.handle(Router.java:639)
	at org.restlet.routing.Filter.doHandle(Filter.java:150)
	at org.restlet.routing.Filter.handle(Filter.java:197)
	at org.restlet.routing.Router.doHandle(Router.java:422)
	at org.restlet.routing.Router.handle(Router.java:639)
	at org.restlet.routing.Filter.doHandle(Filter.java:150)
	at org.restlet.routing.Filter.handle(Filter.java:197)
	at org.restlet.engine.CompositeHelper.handle(CompositeHelper.java:202)
	at org.restlet.Component.handle(Component.java:408)
	at org.restlet.Server.handle(Server.java:507)
	at org.restlet.engine.connector.ServerHelper.handle(ServerHelper.java:63)
	at org.restlet.engine.adapter.HttpServerHelper.handle(HttpServerHelper.java:143)
	at org.restlet.ext.servlet.ServerServlet.service(ServerServlet.java:1117)
	at javax.servlet.http.HttpServlet.service(HttpServlet.java:790)
	at org.eclipse.jetty.servlet.ServletHolder.handle(ServletHolder.java:845)
	at org.eclipse.jetty.servlet.ServletHandler$CachedChain.doFilter(ServletHandler.java:1712)
	at org.apache.solr.servlet.SolrDispatchFilter.doFilter(SolrDispatchFilter.java:364)
	at org.apache.solr.servlet.SolrDispatchFilter.doFilter(SolrDispatchFilter.java:305)
	at org.eclipse.jetty.servlet.ServletHandler$CachedChain.doFilter(ServletHandler.java:1691)
	at org.eclipse.jetty.servlet.ServletHandler.doHandle(ServletHandler.java:582)
	at org.eclipse.jetty.server.handler.ScopedHandler.handle(ScopedHandler.java:143)
	at org.eclipse.jetty.security.SecurityHandler.handle(SecurityHandler.java:548)
	at org.eclipse.jetty.server.session.SessionHandler.doHandle(SessionHandler.java:226)
	at org.eclipse.jetty.server.handler.ContextHandler.doHandle(ContextHandler.java:1180)
	at org.eclipse.jetty.servlet.ServletHandler.doScope(ServletHandler.java:512)
	at org.eclipse.jetty.server.session.SessionHandler.doScope(SessionHandler.java:185)
	at org.eclipse.jetty.server.handler.ContextHandler.doScope(ContextHandler.java:1112)
	at org.eclipse.jetty.server.handler.ScopedHandler.handle(ScopedHandler.java:141)
	at org.eclipse.jetty.server.handler.ContextHandlerCollection.handle(ContextHandlerCollection.java:213)
	at org.eclipse.jetty.server.handler.HandlerCollection.handle(HandlerCollection.java:119)
	at org.eclipse.jetty.server.handler.HandlerWrapper.handle(HandlerWrapper.java:134)
	at org.eclipse.jetty.rewrite.handler.RewriteHandler.handle(RewriteHandler.java:335)
	at org.eclipse.jetty.server.handler.HandlerWrapper.handle(HandlerWrapper.java:134)
	at org.eclipse.jetty.server.Server.handle(Server.java:534)
	at org.eclipse.jetty.server.HttpChannel.handle(HttpChannel.java:320)
	at org.eclipse.jetty.server.HttpConnection.onFillable(HttpConnection.java:251)
	at org.eclipse.jetty.io.AbstractConnection$ReadCallback.succeeded(AbstractConnection.java:273)
	at org.eclipse.jetty.io.FillInterest.fillable(FillInterest.java:95)
	at org.eclipse.jetty.io.SelectChannelEndPoint$2.run(SelectChannelEndPoint.java:93)
	at org.eclipse.jetty.util.thread.strategy.ExecuteProduceConsume.executeProduceConsume(ExecuteProduceConsume.java:303)
	at org.eclipse.jetty.util.thread.strategy.ExecuteProduceConsume.produceConsume(ExecuteProduceConsume.java:148)
	at org.eclipse.jetty.util.thread.strategy.ExecuteProduceConsume.run(ExecuteProduceConsume.java:136)
	at org.eclipse.jetty.util.thread.QueuedThreadPool.runJob(QueuedThreadPool.java:671)
	at org.eclipse.jetty.util.thread.QueuedThreadPool$2.run(QueuedThreadPool.java:589)
	at java.lang.Thread.run(Thread.java:748)

Aug 20, 2017 5:21:46 PM org.restlet.Restlet handle
WARNING: Unable to start the Restlet
Aug 20, 2017 5:21:46 PM org.restlet.routing.Filter doHandle
WARNING: The filter org.restlet.engine.application.RangeFilter@35733109 was executed without a next Restlet attached to it.
Aug 20, 2017 5:21:46 PM org.restlet.engine.log.LogFilter afterHandle
INFO: 2017-08-20	17:21:46	127.0.0.1	-	127.0.0.1	8983	POST	/solr/schema/update	-	500	486	11217	30	http://localhost:8983	Java/1.8.0_131	-
Aug 20, 2017 5:21:46 PM org.restlet.Application start
INFO: Starting org.apache.solr.rest.SolrSchemaRestApi application
Aug 20, 2017 5:21:46 PM org.restlet.Restlet handle
WARNING: Unable to start the Restlet
Internal Server Error (500) - No SolrRequestInfo in this Thread!
	at org.apache.solr.rest.RestManager.getRestManager(RestManager.java:241)
	at org.apache.solr.rest.SolrSchemaRestApi.createInboundRoot(SolrSchemaRestApi.java:71)
	at org.restlet.Application.getInboundRoot(Application.java:272)
	at org.restlet.engine.application.ApplicationHelper.start(ApplicationHelper.java:118)
	at org.restlet.Application.start(Application.java:602)
	at org.restlet.routing.Filter.start(Filter.java:265)
	at org.restlet.Restlet.handle(Restlet.java:306)
	at org.restlet.routing.Filter.handle(Filter.java:193)
	at org.restlet.routing.Router.doHandle(Router.java:422)
	at org.restlet.routing.Router.handle(Router.java:639)
	at org.restlet.routing.Filter.doHandle(Filter.java:150)
	at org.restlet.routing.Filter.handle(Filter.java:197)
	at org.restlet.routing.Router.doHandle(Router.java:422)
	at org.restlet.routing.Router.handle(Router.java:639)
	at org.restlet.routing.Filter.doHandle(Filter.java:150)
	at org.restlet.routing.Filter.handle(Filter.java:197)
	at org.restlet.engine.CompositeHelper.handle(CompositeHelper.java:202)
	at org.restlet.Component.handle(Component.java:408)
	at org.restlet.Server.handle(Server.java:507)
	at org.restlet.engine.connector.ServerHelper.handle(ServerHelper.java:63)
	at org.restlet.engine.adapter.HttpServerHelper.handle(HttpServerHelper.java:143)
	at org.restlet.ext.servlet.ServerServlet.service(ServerServlet.java:1117)
	at javax.servlet.http.HttpServlet.service(HttpServlet.java:790)
	at org.eclipse.jetty.servlet.ServletHolder.handle(ServletHolder.java:845)
	at org.eclipse.jetty.servlet.ServletHandler$CachedChain.doFilter(ServletHandler.java:1712)
	at org.apache.solr.servlet.SolrDispatchFilter.doFilter(SolrDispatchFilter.java:364)
	at org.apache.solr.servlet.SolrDispatchFilter.doFilter(SolrDispatchFilter.java:305)
	at org.eclipse.jetty.servlet.ServletHandler$CachedChain.doFilter(ServletHandler.java:1691)
	at org.eclipse.jetty.servlet.ServletHandler.doHandle(ServletHandler.java:582)
	at org.eclipse.jetty.server.handler.ScopedHandler.handle(ScopedHandler.java:143)
	at org.eclipse.jetty.security.SecurityHandler.handle(SecurityHandler.java:548)
	at org.eclipse.jetty.server.session.SessionHandler.doHandle(SessionHandler.java:226)
	at org.eclipse.jetty.server.handler.ContextHandler.doHandle(ContextHandler.java:1180)
	at org.eclipse.jetty.servlet.ServletHandler.doScope(ServletHandler.java:512)
	at org.eclipse.jetty.server.session.SessionHandler.doScope(SessionHandler.java:185)
	at org.eclipse.jetty.server.handler.ContextHandler.doScope(ContextHandler.java:1112)
	at org.eclipse.jetty.server.handler.ScopedHandler.handle(ScopedHandler.java:141)
	at org.eclipse.jetty.server.handler.ContextHandlerCollection.handle(ContextHandlerCollection.java:213)
	at org.eclipse.jetty.server.handler.HandlerCollection.handle(HandlerCollection.java:119)
	at org.eclipse.jetty.server.handler.HandlerWrapper.handle(HandlerWrapper.java:134)
	at org.eclipse.jetty.rewrite.handler.RewriteHandler.handle(RewriteHandler.java:335)
	at org.eclipse.jetty.server.handler.HandlerWrapper.handle(HandlerWrapper.java:134)
	at org.eclipse.jetty.server.Server.handle(Server.java:534)
	at org.eclipse.jetty.server.HttpChannel.handle(HttpChannel.java:320)
	at org.eclipse.jetty.server.HttpConnection.onFillable(HttpConnection.java:251)
	at org.eclipse.jetty.io.AbstractConnection$ReadCallback.succeeded(AbstractConnection.java:273)
	at org.eclipse.jetty.io.FillInterest.fillable(FillInterest.java:95)
	at org.eclipse.jetty.io.SelectChannelEndPoint$2.run(SelectChannelEndPoint.java:93)
	at org.eclipse.jetty.util.thread.strategy.ExecuteProduceConsume.executeProduceConsume(ExecuteProduceConsume.java:303)
	at org.eclipse.jetty.util.thread.strategy.ExecuteProduceConsume.produceConsume(ExecuteProduceConsume.java:148)
	at org.eclipse.jetty.util.thread.strategy.ExecuteProduceConsume.run(ExecuteProduceConsume.java:136)
	at org.eclipse.jetty.util.thread.QueuedThreadPool.runJob(QueuedThreadPool.java:671)
	at org.eclipse.jetty.util.thread.QueuedThreadPool$2.run(QueuedThreadPool.java:589)
	at java.lang.Thread.run(Thread.java:748)

Aug 20, 2017 5:21:46 PM org.restlet.Restlet handle
WARNING: Unable to start the Restlet
Aug 20, 2017 5:21:46 PM org.restlet.Application start
INFO: Starting org.apache.solr.rest.SolrSchemaRestApi application
Aug 20, 2017 5:21:46 PM org.restlet.Restlet handle
WARNING: Unable to start the Restlet
Internal Server Error (500) - No SolrRequestInfo in this Thread!
	at org.apache.solr.rest.RestManager.getRestManager(RestManager.java:241)
	at org.apache.solr.rest.SolrSchemaRestApi.createInboundRoot(SolrSchemaRestApi.java:71)
	at org.restlet.Application.getInboundRoot(Application.java:272)
	at org.restlet.engine.application.ApplicationHelper.start(ApplicationHelper.java:118)
	at org.restlet.Application.start(Application.java:602)
	at org.restlet.Restlet.handle(Restlet.java:306)
	at org.restlet.Application.handle(Application.java:382)
	at org.restlet.routing.Filter.doHandle(Filter.java:150)
	at org.restlet.routing.Filter.handle(Filter.java:197)
	at org.restlet.routing.Router.doHandle(Router.java:422)
	at org.restlet.routing.Router.handle(Router.java:639)
	at org.restlet.routing.Filter.doHandle(Filter.java:150)
	at org.restlet.routing.Filter.handle(Filter.java:197)
	at org.restlet.routing.Router.doHandle(Router.java:422)
	at org.restlet.routing.Router.handle(Router.java:639)
	at org.restlet.routing.Filter.doHandle(Filter.java:150)
	at org.restlet.routing.Filter.handle(Filter.java:197)
	at org.restlet.engine.CompositeHelper.handle(CompositeHelper.java:202)
	at org.restlet.Component.handle(Component.java:408)
	at org.restlet.Server.handle(Server.java:507)
	at org.restlet.engine.connector.ServerHelper.handle(ServerHelper.java:63)
	at org.restlet.engine.adapter.HttpServerHelper.handle(HttpServerHelper.java:143)
	at org.restlet.ext.servlet.ServerServlet.service(ServerServlet.java:1117)
	at javax.servlet.http.HttpServlet.service(HttpServlet.java:790)
	at org.eclipse.jetty.servlet.ServletHolder.handle(ServletHolder.java:845)
	at org.eclipse.jetty.servlet.ServletHandler$CachedChain.doFilter(ServletHandler.java:1712)
	at org.apache.solr.servlet.SolrDispatchFilter.doFilter(SolrDispatchFilter.java:364)
	at org.apache.solr.servlet.SolrDispatchFilter.doFilter(SolrDispatchFilter.java:305)
	at org.eclipse.jetty.servlet.ServletHandler$CachedChain.doFilter(ServletHandler.java:1691)
	at org.eclipse.jetty.servlet.ServletHandler.doHandle(ServletHandler.java:582)
	at org.eclipse.jetty.server.handler.ScopedHandler.handle(ScopedHandler.java:143)
	at org.eclipse.jetty.security.SecurityHandler.handle(SecurityHandler.java:548)
	at org.eclipse.jetty.server.session.SessionHandler.doHandle(SessionHandler.java:226)
	at org.eclipse.jetty.server.handler.ContextHandler.doHandle(ContextHandler.java:1180)
	at org.eclipse.jetty.servlet.ServletHandler.doScope(ServletHandler.java:512)
	at org.eclipse.jetty.server.session.SessionHandler.doScope(SessionHandler.java:185)
	at org.eclipse.jetty.server.handler.ContextHandler.doScope(ContextHandler.java:1112)
	at org.eclipse.jetty.server.handler.ScopedHandler.handle(ScopedHandler.java:141)
	at org.eclipse.jetty.server.handler.ContextHandlerCollection.handle(ContextHandlerCollection.java:213)
	at org.eclipse.jetty.server.handler.HandlerCollection.handle(HandlerCollection.java:119)
	at org.eclipse.jetty.server.handler.HandlerWrapper.handle(HandlerWrapper.java:134)
	at org.eclipse.jetty.rewrite.handler.RewriteHandler.handle(RewriteHandler.java:335)
	at org.eclipse.jetty.server.handler.HandlerWrapper.handle(HandlerWrapper.java:134)
	at org.eclipse.jetty.server.Server.handle(Server.java:534)
	at org.eclipse.jetty.server.HttpChannel.handle(HttpChannel.java:320)
	at org.eclipse.jetty.server.HttpConnection.onFillable(HttpConnection.java:251)
	at org.eclipse.jetty.io.AbstractConnection$ReadCallback.succeeded(AbstractConnection.java:273)
	at org.eclipse.jetty.io.FillInterest.fillable(FillInterest.java:95)
	at org.eclipse.jetty.io.SelectChannelEndPoint$2.run(SelectChannelEndPoint.java:93)
	at org.eclipse.jetty.util.thread.strategy.ExecuteProduceConsume.executeProduceConsume(ExecuteProduceConsume.java:303)
	at org.eclipse.jetty.util.thread.strategy.ExecuteProduceConsume.produceConsume(ExecuteProduceConsume.java:148)
	at org.eclipse.jetty.util.thread.strategy.ExecuteProduceConsume.run(ExecuteProduceConsume.java:136)
	at org.eclipse.jetty.util.thread.QueuedThreadPool.runJob(QueuedThreadPool.java:671)
	at org.eclipse.jetty.util.thread.QueuedThreadPool$2.run(QueuedThreadPool.java:589)
	at java.lang.Thread.run(Thread.java:748)

Aug 20, 2017 5:21:46 PM org.restlet.Restlet handle
WARNING: Unable to start the Restlet
Aug 20, 2017 5:21:46 PM org.restlet.routing.Filter doHandle
WARNING: The filter org.restlet.engine.application.RangeFilter@77af20e was executed without a next Restlet attached to it.
Aug 20, 2017 5:21:46 PM org.restlet.engine.log.LogFilter afterHandle
INFO: 2017-08-20	17:21:46	127.0.0.1	-	127.0.0.1	8983	GET	/solr/schema/update	commit=true	500	486	0	11	http://localhost:8983	Java/1.8.0_131	-
